106.02.01 22:39 B C:\Documents and Settings\Mel\My Documents\My Web Sites\chaver-www\Mishnah\colorcode.htm <-- chaver /chaver-www/Mishnah colorcode.htm
106.02.01 22:39 B C:\Documents and Settings\Mel\My Documents\My Web Sites\chaver-www\Mishnah\favicon.ico <-- chaver /chaver-www/Mishnah favicon.ico
106.02.01 22:39 B C:\Documents and Settings\Mel\My Documents\My Web Sites\chaver-www\Mishnah\Mesechet Archin.htm <-- chaver /chaver-www/Mishnah Mesechet Archin.htm
106.02.01 22:39 B C:\Documents and Settings\Mel\My Documents\My Web Sites\chaver-www\Mishnah\Mesechet Avodah Zarah.htm <-- chaver /chaver-www/Mishnah Mesechet Avodah Zarah.htm
106.02.01 22:39 B C:\Documents and Settings\Mel\My Documents\My Web Sites\chaver-www\Mishnah\Mesechet Avot.htm <-- chaver /chaver-www/Mishnah Mesechet Avot.htm
106.02.01 22:39 B C:\Documents and Settings\Mel\My Documents\My Web Sites\chaver-www\Mishnah\Mesechet Baba Batra.htm <-- chaver /chaver-www/Mishnah Mesechet Baba Batra.htm
106.02.01 22:39 B C:\Documents and Settings\Mel\My Documents\My Web Sites\chaver-www\Mishnah\Mesechet Baba Kama.htm <-- chaver /chaver-www/Mishnah Mesechet Baba Kama.htm
106.02.01 22:39 B C:\Documents and Settings\Mel\My Documents\My Web Sites\chaver-www\Mishnah\Mesechet Baba Metziah.htm <-- chaver /chaver-www/Mishnah Mesechet Baba Metziah.htm
106.02.01 22:39 B C:\Documents and Settings\Mel\My Documents\My Web Sites\chaver-www\Mishnah\Mesechet Bechorot.htm <-- chaver /chaver-www/Mishnah Mesechet Bechorot.htm
106.02.01 22:39 B C:\Documents and Settings\Mel\My Documents\My Web Sites\chaver-www\Mishnah\Mesechet Becorim.htm <-- chaver /chaver-www/Mishnah Mesechet Becorim.htm
106.02.01 22:39 B C:\Documents and Settings\Mel\My Documents\My Web Sites\chaver-www\Mishnah\Mesechet Betzah.htm <-- chaver /chaver-www/Mishnah Mesechet Betzah.htm
106.02.01 22:39 B C:\Documents and Settings\Mel\My Documents\My Web Sites\chaver-www\Mishnah\Mesechet Brachot.htm <-- chaver /chaver-www/Mishnah Mesechet Brachot.htm
106.02.01 22:39 B C:\Documents and Settings\Mel\My Documents\My Web Sites\chaver-www\Mishnah\Mesechet Chagigah.htm <-- chaver /chaver-www/Mishnah Mesechet Chagigah.htm
106.02.01 22:39 B C:\Documents and Settings\Mel\My Documents\My Web Sites\chaver-www\Mishnah\Mesechet Chalah.htm <-- chaver /chaver-www/Mishnah Mesechet Chalah.htm
106.02.01 22:39 B C:\Documents and Settings\Mel\My Documents\My Web Sites\chaver-www\Mishnah\Mesechet Chulin.htm <-- chaver /chaver-www/Mishnah Mesechet Chulin.htm
106.02.01 22:39 B C:\Documents and Settings\Mel\My Documents\My Web Sites\chaver-www\Mishnah\Mesechet Critot.htm <-- chaver /chaver-www/Mishnah Mesechet Critot.htm
106.02.01 22:40 B C:\Documents and Settings\Mel\My Documents\My Web Sites\chaver-www\Mishnah\Mesechet Damai.htm <-- chaver /chaver-www/Mishnah Mesechet Damai.htm
106.02.01 22:40 B C:\Documents and Settings\Mel\My Documents\My Web Sites\chaver-www\Mishnah\Mesechet Eruvin.htm <-- chaver /chaver-www/Mishnah Mesechet Eruvin.htm
106.02.01 22:40 B C:\Documents and Settings\Mel\My Documents\My Web Sites\chaver-www\Mishnah\Mesechet Eydiot.htm <-- chaver /chaver-www/Mishnah Mesechet Eydiot.htm
106.02.01 22:40 B C:\Documents and Settings\Mel\My Documents\My Web Sites\chaver-www\Mishnah\Mesechet Gittin.htm <-- chaver /chaver-www/Mishnah Mesechet Gittin.htm
106.02.01 22:40 B C:\Documents and Settings\Mel\My Documents\My Web Sites\chaver-www\Mishnah\Mesechet Horiot.htm <-- chaver /chaver-www/Mishnah Mesechet Horiot.htm
106.02.01 22:40 B C:\Documents and Settings\Mel\My Documents\My Web Sites\chaver-www\Mishnah\Mesechet Kelaim.htm <-- chaver /chaver-www/Mishnah Mesechet Kelaim.htm
106.02.01 22:40 B C:\Documents and Settings\Mel\My Documents\My Web Sites\chaver-www\Mishnah\Mesechet Kelim.htm <-- chaver /chaver-www/Mishnah Mesechet Kelim.htm
106.02.01 22:40 B C:\Documents and Settings\Mel\My Documents\My Web Sites\chaver-www\Mishnah\Mesechet Ketuvot.htm <-- chaver /chaver-www/Mishnah Mesechet Ketuvot.htm
106.02.01 22:40 B C:\Documents and Settings\Mel\My Documents\My Web Sites\chaver-www\Mishnah\Mesechet Kiddushin.htm <-- chaver /chaver-www/Mishnah Mesechet Kiddushin.htm
106.02.01 22:40 B C:\Documents and Settings\Mel\My Documents\My Web Sites\chaver-www\Mishnah\Mesechet Kinim.htm <-- chaver /chaver-www/Mishnah Mesechet Kinim.htm
106.02.01 22:40 B C:\Documents and Settings\Mel\My Documents\My Web Sites\chaver-www\Mishnah\Mesechet Maaser Sheni.htm <-- chaver /chaver-www/Mishnah Mesechet Maaser Sheni.htm
106.02.01 22:40 B C:\Documents and Settings\Mel\My Documents\My Web Sites\chaver-www\Mishnah\Mesechet Maasrot.htm <-- chaver /chaver-www/Mishnah Mesechet Maasrot.htm
106.02.01 22:40 B C:\Documents and Settings\Mel\My Documents\My Web Sites\chaver-www\Mishnah\Mesechet Macote.htm <-- chaver /chaver-www/Mishnah Mesechet Macote.htm
106.02.01 22:40 B C:\Documents and Settings\Mel\My Documents\My Web Sites\chaver-www\Mishnah\Mesechet Makshirin.htm <-- chaver /chaver-www/Mishnah Mesechet Makshirin.htm
106.02.01 22:40 B C:\Documents and Settings\Mel\My Documents\My Web Sites\chaver-www\Mishnah\Mesechet Megilah.htm <-- chaver /chaver-www/Mishnah Mesechet Megilah.htm
106.02.01 22:40 B C:\Documents and Settings\Mel\My Documents\My Web Sites\chaver-www\Mishnah\Mesechet Meilah.htm <-- chaver /chaver-www/Mishnah Mesechet Meilah.htm
106.02.01 22:40 B C:\Documents and Settings\Mel\My Documents\My Web Sites\chaver-www\Mishnah\Mesechet Midot.htm <-- chaver /chaver-www/Mishnah Mesechet Midot.htm
106.02.01 22:40 B C:\Documents and Settings\Mel\My Documents\My Web Sites\chaver-www\Mishnah\Mesechet Mikvaot.htm <-- chaver /chaver-www/Mishnah Mesechet Mikvaot.htm
106.02.01 22:40 B C:\Documents and Settings\Mel\My Documents\My Web Sites\chaver-www\Mishnah\Mesechet Minachot.htm <-- chaver /chaver-www/Mishnah Mesechet Minachot.htm
106.02.01 22:40 B C:\Documents and Settings\Mel\My Documents\My Web Sites\chaver-www\Mishnah\Mesechet Moed Katan.htm <-- chaver /chaver-www/Mishnah Mesechet Moed Katan.htm
106.02.01 22:40 B C:\Documents and Settings\Mel\My Documents\My Web Sites\chaver-www\Mishnah\Mesechet Nazir.htm <-- chaver /chaver-www/Mishnah Mesechet Nazir.htm
106.02.01 22:40 B C:\Documents and Settings\Mel\My Documents\My Web Sites\chaver-www\Mishnah\Mesechet Nedah.htm <-- chaver /chaver-www/Mishnah Mesechet Nedah.htm
106.02.01 22:40 B C:\Documents and Settings\Mel\My Documents\My Web Sites\chaver-www\Mishnah\Mesechet Nedarim.htm <-- chaver /chaver-www/Mishnah Mesechet Nedarim.htm
106.02.01 22:40 B C:\Documents and Settings\Mel\My Documents\My Web Sites\chaver-www\Mishnah\Mesechet Negaim.htm <-- chaver /chaver-www/Mishnah Mesechet Negaim.htm
106.02.01 22:40 B C:\Documents and Settings\Mel\My Documents\My Web Sites\chaver-www\Mishnah\Mesechet Ohalot.htm <-- chaver /chaver-www/Mishnah Mesechet Ohalot.htm
106.02.01 22:40 B C:\Documents and Settings\Mel\My Documents\My Web Sites\chaver-www\Mishnah\Mesechet Oktzim.htm <-- chaver /chaver-www/Mishnah Mesechet Oktzim.htm
106.02.01 22:40 B C:\Documents and Settings\Mel\My Documents\My Web Sites\chaver-www\Mishnah\Mesechet Orlah.htm <-- chaver /chaver-www/Mishnah Mesechet Orlah.htm
106.02.01 22:40 B C:\Documents and Settings\Mel\My Documents\My Web Sites\chaver-www\Mishnah\Mesechet Parah.htm <-- chaver /chaver-www/Mishnah Mesechet Parah.htm
106.02.01 22:40 B C:\Documents and Settings\Mel\My Documents\My Web Sites\chaver-www\Mishnah\Mesechet Peah.htm <-- chaver /chaver-www/Mishnah Mesechet Peah.htm
106.02.01 22:40 B C:\Documents and Settings\Mel\My Documents\My Web Sites\chaver-www\Mishnah\Mesechet Pesachim.htm <-- chaver /chaver-www/Mishnah Mesechet Pesachim.htm
106.02.01 22:40 B C:\Documents and Settings\Mel\My Documents\My Web Sites\chaver-www\Mishnah\Mesechet Rosh Hashanah.htm <-- chaver /chaver-www/Mishnah Mesechet Rosh Hashanah.htm
106.02.01 22:40 B C:\Documents and Settings\Mel\My Documents\My Web Sites\chaver-www\Mishnah\Mesechet Sanhedrin.htm <-- chaver /chaver-www/Mishnah Mesechet Sanhedrin.htm
106.02.01 22:40 B C:\Documents and Settings\Mel\My Documents\My Web Sites\chaver-www\Mishnah\Mesechet Shabat.htm <-- chaver /chaver-www/Mishnah Mesechet Shabat.htm
106.02.01 22:40 B C:\Documents and Settings\Mel\My Documents\My Web Sites\chaver-www\Mishnah\Mesechet Shavuot.htm <-- chaver /chaver-www/Mishnah Mesechet Shavuot.htm
106.02.01 22:40 B C:\Documents and Settings\Mel\My Documents\My Web Sites\chaver-www\Mishnah\Mesechet Shkalim.htm <-- chaver /chaver-www/Mishnah Mesechet Shkalim.htm
106.02.01 22:41 B C:\Documents and Settings\Mel\My Documents\My Web Sites\chaver-www\Mishnah\Mesechet Shviit.htm <-- chaver /chaver-www/Mishnah Mesechet Shviit.htm
106.02.01 22:41 B C:\Documents and Settings\Mel\My Documents\My Web Sites\chaver-www\Mishnah\Mesechet Sotah.htm <-- chaver /chaver-www/Mishnah Mesechet Sotah.htm
106.02.01 22:41 B C:\Documents and Settings\Mel\My Documents\My Web Sites\chaver-www\Mishnah\Mesechet Sucah.htm <-- chaver /chaver-www/Mishnah Mesechet Sucah.htm
106.02.01 22:41 B C:\Documents and Settings\Mel\My Documents\My Web Sites\chaver-www\Mishnah\Mesechet Taanit.htm <-- chaver /chaver-www/Mishnah Mesechet Taanit.htm
106.02.01 22:41 B C:\Documents and Settings\Mel\My Documents\My Web Sites\chaver-www\Mishnah\Mesechet Taharot.htm <-- chaver /chaver-www/Mishnah Mesechet Taharot.htm
106.02.01 22:41 B C:\Documents and Settings\Mel\My Documents\My Web Sites\chaver-www\Mishnah\Mesechet Tamid.htm <-- chaver /chaver-www/Mishnah Mesechet Tamid.htm
106.02.01 22:41 B C:\Documents and Settings\Mel\My Documents\My Web Sites\chaver-www\Mishnah\Mesechet Tavul Yom.htm <-- chaver /chaver-www/Mishnah Mesechet Tavul Yom.htm
106.02.01 22:41 B C:\Documents and Settings\Mel\My Documents\My Web Sites\chaver-www\Mishnah\Mesechet Timorah.htm <-- chaver /chaver-www/Mishnah Mesechet Timorah.htm
106.02.01 22:41 B C:\Documents and Settings\Mel\My Documents\My Web Sites\chaver-www\Mishnah\Mesechet Trumote.htm <-- chaver /chaver-www/Mishnah Mesechet Trumote.htm
106.02.01 22:41 B C:\Documents and Settings\Mel\My Documents\My Web Sites\chaver-www\Mishnah\Mesechet Yadaim.htm <-- chaver /chaver-www/Mishnah Mesechet Yadaim.htm
106.02.01 22:41 B C:\Documents and Settings\Mel\My Documents\My Web Sites\chaver-www\Mishnah\Mesechet Yevamot.htm <-- chaver /chaver-www/Mishnah Mesechet Yevamot.htm
106.02.01 22:41 B C:\Documents and Settings\Mel\My Documents\My Web Sites\chaver-www\Mishnah\Mesechet Yoma.htm <-- chaver /chaver-www/Mishnah Mesechet Yoma.htm
106.02.01 22:41 B C:\Documents and Settings\Mel\My Documents\My Web Sites\chaver-www\Mishnah\Mesechet Zavim.htm <-- chaver /chaver-www/Mishnah Mesechet Zavim.htm
106.02.01 22:41 B C:\Documents and Settings\Mel\My Documents\My Web Sites\chaver-www\Mishnah\Mesechet Zevachim.htm <-- chaver /chaver-www/Mishnah Mesechet Zevachim.htm
106.02.01 22:41 B C:\Documents and Settings\Mel\My Documents\My Web Sites\chaver-www\Mishnah\mishnah.css <-- chaver /chaver-www/Mishnah mishnah.css
106.02.01 22:41 B C:\Documents and Settings\Mel\My Documents\My Web Sites\chaver-www\Mishnah\The Structured Mishnah.pdf <-- chaver /chaver-www/Mishnah The Structured Mishnah.pdf
106.02.01 22:41 B C:\Documents and Settings\Mel\My Documents\My Web Sites\chaver-www\Mishnah\TheMishnah.htm <-- chaver /chaver-www/Mishnah TheMishnah.htm
